<?xml version="1.0" encoding="UTF-8"?>
<testsuite name="lv.javaguru.travel.insurance.core.TravelCalculatePremiumServiceImplTest" tests="1" skipped="0" failures="0" errors="0" timestamp="2024-02-13T20:07:59" hostname="VSAVONINS" time="0.034">
  <properties/>
  <testcase name="deleteMe()" classname="lv.javaguru.travel.insurance.core.TravelCalculatePremiumServiceImplTest" time="0.034"/>
  <system-out><![CDATA[]]></system-out>
  <system-err><![CDATA[]]></system-err>
</testsuite>
